{"total": {"lines":{"total":83,"covered":81,"skipped":0,"pct":97.59},"statements":{"total":86,"covered":84,"skipped":0,"pct":97.67},"functions":{"total":14,"covered":14,"skipped":0,"pct":100},"branches":{"total":23,"covered":23,"skipped":0,"pct":100},"branchesTrue":{"total":0,"covered":0,"skipped":0,"pct":100}}
,"C:\\Users\\Leona\\OneDrive\\Desktop\\hotel-Proyect\\hotel-prototype\\backend\\src\\controllers\\reservas\\HabitacionController.ts": {"lines":{"total":13,"covered":11,"skipped":0,"pct":84.61},"functions":{"total":2,"covered":2,"skipped":0,"pct":100},"statements":{"total":13,"covered":11,"skipped":0,"pct":84.61},"branches":{"total":0,"covered":0,"skipped":0,"pct":100}}
,"C:\\Users\\Leona\\OneDrive\\Desktop\\hotel-Proyect\\hotel-prototype\\backend\\src\\middleware\\auth\\authMiddleware.ts": {"lines":{"total":12,"covered":12,"skipped":0,"pct":100},"functions":{"total":1,"covered":1,"skipped":0,"pct":100},"statements":{"total":13,"covered":13,"skipped":0,"pct":100},"branches":{"total":5,"covered":5,"skipped":0,"pct":100}}
,"C:\\Users\\Leona\\OneDrive\\Desktop\\hotel-Proyect\\hotel-prototype\\backend\\src\\middleware\\error\\errorHandler.ts": {"lines":{"total":8,"covered":8,"skipped":0,"pct":100},"functions":{"total":1,"covered":1,"skipped":0,"pct":100},"statements":{"total":9,"covered":9,"skipped":0,"pct":100},"branches":{"total":4,"covered":4,"skipped":0,"pct":100}}
,"C:\\Users\\Leona\\OneDrive\\Desktop\\hotel-Proyect\\hotel-prototype\\backend\\src\\services\\auth\\AuthService.ts": {"lines":{"total":32,"covered":32,"skipped":0,"pct":100},"functions":{"total":5,"covered":5,"skipped":0,"pct":100},"statements":{"total":32,"covered":32,"skipped":0,"pct":100},"branches":{"total":7,"covered":7,"skipped":0,"pct":100}}
,"C:\\Users\\Leona\\OneDrive\\Desktop\\hotel-Proyect\\hotel-prototype\\backend\\src\\services\\reservas\\HabitacionService.ts": {"lines":{"total":13,"covered":13,"skipped":0,"pct":100},"functions":{"total":4,"covered":4,"skipped":0,"pct":100},"statements":{"total":14,"covered":14,"skipped":0,"pct":100},"branches":{"total":7,"covered":7,"skipped":0,"pct":100}}
,"C:\\Users\\Leona\\OneDrive\\Desktop\\hotel-Proyect\\hotel-prototype\\backend\\src\\utils\\errors\\AppError.ts": {"lines":{"total":5,"covered":5,"skipped":0,"pct":100},"functions":{"total":1,"covered":1,"skipped":0,"pct":100},"statements":{"total":5,"covered":5,"skipped":0,"pct":100},"branches":{"total":0,"covered":0,"skipped":0,"pct":100}}
}
