TN:
SF:src\controllers\reservas\HabitacionController.ts
FN:15,(anonymous_0)
FN:36,(anonymous_1)
FNF:2
FNH:2
FNDA:1,(anonymous_0)
FNDA:1,(anonymous_1)
DA:2,2
DA:5,2
DA:7,2
DA:16,1
DA:17,1
DA:18,1
DA:19,0
DA:25,1
DA:37,1
DA:38,1
DA:39,1
DA:40,0
DA:42,1
LF:13
LH:11
BRF:0
BRH:0
end_of_record
TN:
SF:src\middleware\auth\authMiddleware.ts
FN:10,(anonymous_1)
FNF:1
FNH:1
FNDA:4,(anonymous_1)
DA:2,1
DA:3,1
DA:10,1
DA:12,4
DA:15,4
DA:16,2
DA:20,2
DA:22,2
DA:25,2
DA:28,1
DA:29,1
DA:32,1
LF:12
LH:12
BRDA:15,0,0,2
BRDA:15,1,0,4
BRDA:15,1,1,3
BRDA:25,2,0,2
BRDA:25,2,1,2
BRF:5
BRH:5
end_of_record
TN:
SF:src\middleware\error\errorHandler.ts
FN:4,(anonymous_0)
FNF:1
FNH:1
FNDA:17,(anonymous_0)
DA:4,3
DA:10,17
DA:11,17
DA:13,17
DA:14,15
DA:15,15
DA:17,2
DA:20,17
LF:8
LH:8
BRDA:13,0,0,15
BRDA:13,0,1,2
BRDA:13,1,0,17
BRDA:13,1,1,15
BRF:4
BRH:4
end_of_record
TN:
SF:src\services\auth\AuthService.ts
FN:60,(anonymous_1)
FN:87,(anonymous_2)
FN:116,(anonymous_3)
FN:120,(anonymous_4)
FN:124,(anonymous_5)
FNF:5
FNH:5
FNDA:15,(anonymous_1)
FNDA:10,(anonymous_2)
FNDA:3,(anonymous_3)
FNDA:16,(anonymous_4)
FNDA:16,(anonymous_5)
DA:1,3
DA:2,3
DA:3,3
DA:28,3
DA:38,3
DA:55,3
DA:56,3
DA:57,3
DA:59,3
DA:61,15
DA:63,15
DA:64,4
DA:67,11
DA:69,11
DA:70,11
DA:72,11
DA:93,10
DA:95,10
DA:96,4
DA:99,6
DA:100,1
DA:101,1
DA:105,5
DA:107,5
DA:108,5
DA:111,5
DA:113,5
DA:117,3
DA:121,16
DA:125,16
DA:126,16
DA:132,16
LF:32
LH:32
BRDA:55,0,0,3
BRDA:55,0,1,1
BRDA:63,1,0,4
BRDA:63,2,0,15
BRDA:63,2,1,13
BRDA:95,3,0,4
BRDA:99,4,0,1
BRF:7
BRH:7
end_of_record
TN:
SF:src\services\reservas\HabitacionService.ts
FN:16,(anonymous_0)
FN:34,(anonymous_1)
FN:44,(anonymous_2)
FN:48,(anonymous_3)
FNF:4
FNH:4
FNDA:6,(anonymous_0)
FNDA:2,(anonymous_1)
FNDA:2,(anonymous_2)
FNDA:2,(anonymous_3)
DA:1,3
DA:2,3
DA:7,3
DA:9,3
DA:15,3
DA:19,6
DA:20,3
DA:26,3
DA:32,3
DA:34,3
DA:45,2
DA:49,2
DA:54,2
LF:13
LH:13
BRDA:19,0,0,3
BRDA:19,1,0,6
BRDA:19,1,1,5
BRDA:40,2,0,2
BRDA:40,2,1,1
BRDA:54,3,0,2
BRDA:54,3,1,1
BRF:7
BRH:7
end_of_record
TN:
SF:src\utils\errors\AppError.ts
FN:5,(anonymous_0)
FNF:1
FNH:1
FNDA:30,(anonymous_0)
DA:1,7
DA:6,30
DA:7,30
DA:8,30
DA:9,30
LF:5
LH:5
BRF:0
BRH:0
end_of_record
